This is pdfTeX, Version 3.141592653-2.6-1.40.23 (MiKTeX 21.10) (preloaded format=pdflatex 2021.11.21)  3 FEB 2023 10:43
entering extended mode
**./data_visualization_ggplot_8Feb2023_NoSolutions.tex
(data_visualization_ggplot_8Feb2023_NoSolutions.tex
LaTeX2e <2021-11-15>
L3 programming layer <2021-11-12> (C:\Users\greta\AppData\Local\Programs\MiKTeX
\tex/latex/base\article.cls
Document Class: article 2021/10/04 v1.4n Standard LaTeX document class
(C:\Users\greta\AppData\Local\Programs\MiKTeX\tex/latex/base\size10.clo
File: size10.clo 2021/10/04 v1.4n Standard LaTeX file (size option)
)
\c@part=\count183
\c@section=\count184
\c@subsection=\count185
\c@subsubsection=\count186
\c@paragraph=\count187
\c@subparagraph=\count188
\c@figure=\count189
\c@table=\count190
\abovecaptionskip=\skip47
\belowcaptionskip=\skip48
\bibindent=\dimen138
) (C:\Users\greta\AppData\Local\Programs\MiKTeX\tex/latex/amsmath\amsmath.sty
Package: amsmath 2021/10/15 v2.17l AMS math features
\@mathmargin=\skip49
For additional information on amsmath, use the `?' option.
(C:\Users\greta\AppData\Local\Programs\MiKTeX\tex/latex/amsmath\amstext.sty
Package: amstext 2021/08/26 v2.01 AMS text
(C:\Users\greta\AppData\Local\Programs\MiKTeX\tex/latex/amsmath\amsgen.sty
File: amsgen.sty 1999/11/30 v2.0 generic functions
\@emptytoks=\toks16
\ex@=\dimen139
)) (C:\Users\greta\AppData\Local\Programs\MiKTeX\tex/latex/amsmath\amsbsy.sty
Package: amsbsy 1999/11/29 v1.2d Bold Symbols
\pmbraise@=\dimen140
) (C:\Users\greta\AppData\Local\Programs\MiKTeX\tex/latex/amsmath\amsopn.sty
Package: amsopn 2021/08/26 v2.02 operator names
)
\inf@bad=\count191
LaTeX Info: Redefining \frac on input line 234.
\uproot@=\count192
\leftroot@=\count193
LaTeX Info: Redefining \overline on input line 399.
\classnum@=\count194
\DOTSCASE@=\count195
LaTeX Info: Redefining \ldots on input line 496.
LaTeX Info: Redefining \dots on input line 499.
LaTeX Info: Redefining \cdots on input line 620.
\Mathstrutbox@=\box50
\strutbox@=\box51
\big@size=\dimen141
LaTeX Font Info:    Redeclaring font encoding OML on input line 743.
LaTeX Font Info:    Redeclaring font encoding OMS on input line 744.
\macc@depth=\count196
\c@MaxMatrixCols=\count197
\dotsspace@=\muskip16
\c@parentequation=\count198
\dspbrk@lvl=\count199
\tag@help=\toks17
\row@=\count266
\column@=\count267
\maxfields@=\count268
\andhelp@=\toks18
\eqnshift@=\dimen142
\alignsep@=\dimen143
\tagshift@=\dimen144
\tagwidth@=\dimen145
\totwidth@=\dimen146
\lineht@=\dimen147
\@envbody=\toks19
\multlinegap=\skip50
\multlinetaggap=\skip51
\mathdisplay@stack=\toks20
LaTeX Info: Redefining \[ on input line 2938.
LaTeX Info: Redefining \] on input line 2939.
) (C:\Users\greta\AppData\Local\Programs\MiKTeX\tex/latex/amsfonts\amssymb.sty
Package: amssymb 2013/01/14 v3.01 AMS font symbols
(C:\Users\greta\AppData\Local\Programs\MiKTeX\tex/latex/amsfonts\amsfonts.sty
Package: amsfonts 2013/01/14 v3.01 Basic AMSFonts support
\symAMSa=\mathgroup4
\symAMSb=\mathgroup5
LaTeX Font Info:    Redeclaring math symbol \hbar on input line 98.
LaTeX Font Info:    Overwriting math alphabet `\mathfrak' in version `bold'
(Font)                  U/euf/m/n --> U/euf/b/n on input line 106.
)) (C:\Users\greta\AppData\Local\Programs\MiKTeX\tex/latex/lm\lmodern.sty
Package: lmodern 2009/10/30 v1.6 Latin Modern Fonts
LaTeX Font Info:    Overwriting symbol font `operators' in version `normal'
(Font)                  OT1/cmr/m/n --> OT1/lmr/m/n on input line 22.
LaTeX Font Info:    Overwriting symbol font `letters' in version `normal'
(Font)                  OML/cmm/m/it --> OML/lmm/m/it on input line 23.
LaTeX Font Info:    Overwriting symbol font `symbols' in version `normal'
(Font)                  OMS/cmsy/m/n --> OMS/lmsy/m/n on input line 24.
LaTeX Font Info:    Overwriting symbol font `largesymbols' in version `normal'
(Font)                  OMX/cmex/m/n --> OMX/lmex/m/n on input line 25.
LaTeX Font Info:    Overwriting symbol font `operators' in version `bold'
(Font)                  OT1/cmr/bx/n --> OT1/lmr/bx/n on input line 26.
LaTeX Font Info:    Overwriting symbol font `letters' in version `bold'
(Font)                  OML/cmm/b/it --> OML/lmm/b/it on input line 27.
LaTeX Font Info:    Overwriting symbol font `symbols' in version `bold'
(Font)                  OMS/cmsy/b/n --> OMS/lmsy/b/n on input line 28.
LaTeX Font Info:    Overwriting symbol font `largesymbols' in version `bold'
(Font)                  OMX/cmex/m/n --> OMX/lmex/m/n on input line 29.
LaTeX Font Info:    Overwriting math alphabet `\mathbf' in version `normal'
(Font)                  OT1/cmr/bx/n --> OT1/lmr/bx/n on input line 31.
LaTeX Font Info:    Overwriting math alphabet `\mathsf' in version `normal'
(Font)                  OT1/cmss/m/n --> OT1/lmss/m/n on input line 32.
LaTeX Font Info:    Overwriting math alphabet `\mathit' in version `normal'
(Font)                  OT1/cmr/m/it --> OT1/lmr/m/it on input line 33.
LaTeX Font Info:    Overwriting math alphabet `\mathtt' in version `normal'
(Font)                  OT1/cmtt/m/n --> OT1/lmtt/m/n on input line 34.
LaTeX Font Info:    Overwriting math alphabet `\mathbf' in version `bold'
(Font)                  OT1/cmr/bx/n --> OT1/lmr/bx/n on input line 35.
LaTeX Font Info:    Overwriting math alphabet `\mathsf' in version `bold'
(Font)                  OT1/cmss/bx/n --> OT1/lmss/bx/n on input line 36.
LaTeX Font Info:    Overwriting math alphabet `\mathit' in version `bold'
(Font)                  OT1/cmr/bx/it --> OT1/lmr/bx/it on input line 37.
LaTeX Font Info:    Overwriting math alphabet `\mathtt' in version `bold'
(Font)                  OT1/cmtt/m/n --> OT1/lmtt/m/n on input line 38.
) (C:\Users\greta\AppData\Local\Programs\MiKTeX\tex/generic/iftex\iftex.sty
Package: iftex 2020/03/06 v1.0d TeX engine tests
) (C:\Users\greta\AppData\Local\Programs\MiKTeX\tex/latex/base\fontenc.sty
Package: fontenc 2021/04/29 v2.0v Standard LaTeX package
LaTeX Font Info:    Trying to load font information for T1+lmr on input line 11
2.
(C:\Users\greta\AppData\Local\Programs\MiKTeX\tex/latex/lm\t1lmr.fd
File: t1lmr.fd 2009/10/30 v1.6 Font defs for Latin Modern
)) (C:\Users\greta\AppData\Local\Programs\MiKTeX\tex/latex/base\inputenc.sty
Package: inputenc 2021/02/14 v1.3d Input encoding file
\inpenc@prehook=\toks21
\inpenc@posthook=\toks22
) (C:\Users\greta\AppData\Local\Programs\MiKTeX\tex/latex/base\textcomp.sty
Package: textcomp 2020/02/02 v2.0n Standard LaTeX package
) (C:\Users\greta\AppData\Roaming\MiKTeX\tex/latex/upquote\upquote.sty
Package: upquote 2012/04/19 v1.3 upright-quote and grave-accent glyphs in verba
tim
) (C:\Users\greta\AppData\Roaming\MiKTeX\tex/latex/microtype\microtype.sty
Package: microtype 2021/03/14 v2.8c Micro-typographical refinements (RS)
(C:\Users\greta\AppData\Local\Programs\MiKTeX\tex/latex/graphics\keyval.sty
Package: keyval 2014/10/28 v1.15 key=value parser (DPC)
\KV@toks@=\toks23
)
\MT@toks=\toks24
\MT@count=\count269

LaTeX hooks Warning: Generic hook 'package/after/fontspec' is deprecated.
(hooks)              Use hook 'package/fontspec/after' instead.

LaTeX Info: Redefining \textls on input line 790.
\MT@outer@kern=\dimen148
LaTeX Info: Redefining \textmicrotypecontext on input line 1374.
\MT@listname@count=\count270

(C:\Users\greta\AppData\Roaming\MiKTeX\tex/latex/microtype\microtype-pdftex.def
File: microtype-pdftex.def 2021/03/14 v2.8c Definitions specific to pdftex (RS)

LaTeX Info: Redefining \lsstyle on input line 915.
LaTeX Info: Redefining \lslig on input line 915.
\MT@outer@space=\skip52
)
Package microtype Info: Loading configuration file microtype.cfg.
(C:\Users\greta\AppData\Roaming\MiKTeX\tex/latex/microtype\microtype.cfg
File: microtype.cfg 2021/03/14 v2.8c microtype main configuration file (RS)
)) (C:\Users\greta\AppData\Roaming\MiKTeX\tex/latex/parskip\parskip.sty
Package: parskip 2021-03-14 v2.0h non-zero parskip adjustments
(C:\Users\greta\AppData\Roaming\MiKTeX\tex/latex/kvoptions\kvoptions.sty
Package: kvoptions 2020-10-07 v3.14 Key value format for package options (HO)
(C:\Users\greta\AppData\Roaming\MiKTeX\tex/generic/ltxcmds\ltxcmds.sty
Package: ltxcmds 2020-05-10 v1.25 LaTeX kernel commands for general use (HO)
) (C:\Users\greta\AppData\Roaming\MiKTeX\tex/generic/kvsetkeys\kvsetkeys.sty
Package: kvsetkeys 2019/12/15 v1.18 Key value parser (HO)
)) (C:\Users\greta\AppData\Local\Programs\MiKTeX\tex/latex/etoolbox\etoolbox.st
y
Package: etoolbox 2020/10/05 v2.5k e-TeX tools for LaTeX (JAW)
\etb@tempcnta=\count271
)) (C:\Users\greta\AppData\Local\Programs\MiKTeX\tex/latex/xcolor\xcolor.sty
Package: xcolor 2021/10/31 v2.13 LaTeX color extensions (UK)
(C:\Users\greta\AppData\Local\Programs\MiKTeX\tex/latex/graphics-cfg\color.cfg
File: color.cfg 2016/01/02 v1.6 sample color configuration
)
Package xcolor Info: Driver file: pdftex.def on input line 227.

(C:\Users\greta\AppData\Local\Programs\MiKTeX\tex/latex/graphics-def\pdftex.def
File: pdftex.def 2020/10/05 v1.2a Graphics/color driver for pdftex
)
Package xcolor Info: Model `cmy' substituted by `cmy0' on input line 1352.
Package xcolor Info: Model `hsb' substituted by `rgb' on input line 1356.
Package xcolor Info: Model `RGB' extended on input line 1368.
Package xcolor Info: Model `HTML' substituted by `rgb' on input line 1370.
Package xcolor Info: Model `Hsb' substituted by `hsb' on input line 1371.
Package xcolor Info: Model `tHsb' substituted by `hsb' on input line 1372.
Package xcolor Info: Model `HSB' substituted by `hsb' on input line 1373.
Package xcolor Info: Model `Gray' substituted by `gray' on input line 1374.
Package xcolor Info: Model `wave' substituted by `hsb' on input line 1375.
) (C:\Users\greta\AppData\Roaming\MiKTeX\tex/latex/geometry\geometry.sty
Package: geometry 2020/01/02 v5.9 Page Geometry
(C:\Users\greta\AppData\Local\Programs\MiKTeX\tex/generic/iftex\ifvtex.sty
Package: ifvtex 2019/10/25 v1.7 ifvtex legacy package. Use iftex instead.
)
\Gm@cnth=\count272
\Gm@cntv=\count273
\c@Gm@tempcnt=\count274
\Gm@bindingoffset=\dimen149
\Gm@wd@mp=\dimen150
\Gm@odd@mp=\dimen151
\Gm@even@mp=\dimen152
\Gm@layoutwidth=\dimen153
\Gm@layoutheight=\dimen154
\Gm@layouthoffset=\dimen155
\Gm@layoutvoffset=\dimen156
\Gm@dimlist=\toks25
(C:\Users\greta\AppData\Roaming\MiKTeX\tex/latex/geometry\geometry.cfg)) (C:\Us
ers\greta\AppData\Roaming\MiKTeX\tex/latex/fancyvrb\fancyvrb.sty
Package: fancyvrb 2021/01/20 v3.7 verbatim text (tvz,hv)
\FV@CodeLineNo=\count275
\FV@InFile=\read2
\FV@TabBox=\box52
\c@FancyVerbLine=\count276
\FV@StepNumber=\count277
\FV@OutFile=\write3
) (C:\Users\greta\AppData\Roaming\MiKTeX\tex/latex/framed\framed.sty
Package: framed 2011/10/22 v 0.96: framed or shaded text with page breaks
\OuterFrameSep=\skip53
\fb@frw=\dimen157
\fb@frh=\dimen158
\FrameRule=\dimen159
\FrameSep=\dimen160
) (C:\Users\greta\AppData\Roaming\MiKTeX\tex/latex/tools\longtable.sty
Package: longtable 2021-05-07 v4.16 Multi-page Table package (DPC)
\LTleft=\skip54
\LTright=\skip55
\LTpre=\skip56
\LTpost=\skip57
\LTchunksize=\count278
\LTcapwidth=\dimen161
\LT@head=\box53
\LT@firsthead=\box54
\LT@foot=\box55
\LT@lastfoot=\box56
\LT@gbox=\box57
\LT@cols=\count279
\LT@rows=\count280
\c@LT@tables=\count281
\c@LT@chunks=\count282
\LT@p@ftn=\toks26
) (C:\Users\greta\AppData\Roaming\MiKTeX\tex/latex/booktabs\booktabs.sty
Package: booktabs 2020/01/12 v1.61803398 Publication quality tables
\heavyrulewidth=\dimen162
\lightrulewidth=\dimen163
\cmidrulewidth=\dimen164
\belowrulesep=\dimen165
\belowbottomsep=\dimen166
\aboverulesep=\dimen167
\abovetopsep=\dimen168
\cmidrulesep=\dimen169
\cmidrulekern=\dimen170
\defaultaddspace=\dimen171
\@cmidla=\count283
\@cmidlb=\count284
\@aboverulesep=\dimen172
\@belowrulesep=\dimen173
\@thisruleclass=\count285
\@lastruleclass=\count286
\@thisrulewidth=\dimen174
) (C:\Users\greta\AppData\Roaming\MiKTeX\tex/latex/tools\array.sty
Package: array 2021/04/20 v2.5e Tabular extension package (FMi)
\col@sep=\dimen175
\ar@mcellbox=\box58
\extrarowheight=\dimen176
\NC@list=\toks27
\extratabsurround=\skip58
\backup@length=\skip59
\ar@cellbox=\box59
) (C:\Users\greta\AppData\Roaming\MiKTeX\tex/latex/tools\calc.sty
Package: calc 2017/05/25 v4.3 Infix arithmetic (KKT,FJ)
\calc@Acount=\count287
\calc@Bcount=\count288
\calc@Adimen=\dimen177
\calc@Bdimen=\dimen178
\calc@Askip=\skip60
\calc@Bskip=\skip61
LaTeX Info: Redefining \setlength on input line 80.
LaTeX Info: Redefining \addtolength on input line 81.
\calc@Ccount=\count289
\calc@Cskip=\skip62
)
(C:\Users\greta\AppData\Roaming\MiKTeX\tex/latex/footnotehyper\footnotehyper.st
y
Package: footnotehyper 2021/02/04 v1.1d hyperref aware footnote.sty (JFB)
\FNH@notes=\box60
\FNH@width=\dimen179
\FNH@toks=\toks28
) (C:\Users\greta\AppData\Local\Programs\MiKTeX\tex/latex/graphics\graphicx.sty
Package: graphicx 2021/09/16 v1.2d Enhanced LaTeX Graphics (DPC,SPQR)
(C:\Users\greta\AppData\Local\Programs\MiKTeX\tex/latex/graphics\graphics.sty
Package: graphics 2021/03/04 v1.4d Standard LaTeX Graphics (DPC,SPQR)
(C:\Users\greta\AppData\Local\Programs\MiKTeX\tex/latex/graphics\trig.sty
Package: trig 2021/08/11 v1.11 sin cos tan (DPC)
)
(C:\Users\greta\AppData\Local\Programs\MiKTeX\tex/latex/graphics-cfg\graphics.c
fg
File: graphics.cfg 2016/06/04 v1.11 sample graphics configuration
)
Package graphics Info: Driver file: pdftex.def on input line 107.
)
\Gin@req@height=\dimen180
\Gin@req@width=\dimen181
) (C:\Users\greta\AppData\Roaming\MiKTeX\tex/latex/fancyhdr\fancyhdr.sty
Package: fancyhdr 2021/01/28 v4.0.1 Extensive control of page headers and foote
rs
\f@nch@headwidth=\skip63
\f@nch@O@elh=\skip64
\f@nch@O@erh=\skip65
\f@nch@O@olh=\skip66
\f@nch@O@orh=\skip67
\f@nch@O@elf=\skip68
\f@nch@O@erf=\skip69
\f@nch@O@olf=\skip70
\f@nch@O@orf=\skip71
)

Package fancyhdr Warning: \fancyfoot's `E' option without twoside option is use
less on input line 106.


Package fancyhdr Warning: \fancyfoot's `E' option without twoside option is use
less on input line 107.


Package fancyhdr Warning: \fancyfoot's `E' option without twoside option is use
less on input line 108.

(C:\Users\greta\AppData\Roaming\MiKTeX\tex/latex/bookmark\bookmark.sty
Package: bookmark 2020-11-06 v1.29 PDF bookmarks (HO)
(C:\Users\greta\AppData\Local\Programs\MiKTeX\tex/latex/hyperref\hyperref.sty
Package: hyperref 2021-06-07 v7.00m Hypertext links for LaTeX

(C:\Users\greta\AppData\Local\Programs\MiKTeX\tex/generic/pdftexcmds\pdftexcmds
.sty
Package: pdftexcmds 2020-06-27 v0.33 Utility functions of pdfTeX for LuaTeX (HO
)
(C:\Users\greta\AppData\Roaming\MiKTeX\tex/generic/infwarerr\infwarerr.sty
Package: infwarerr 2019/12/03 v1.5 Providing info/warning/error messages (HO)
)
Package pdftexcmds Info: \pdf@primitive is available.
Package pdftexcmds Info: \pdf@ifprimitive is available.
Package pdftexcmds Info: \pdfdraftmode found.
)
(C:\Users\greta\AppData\Roaming\MiKTeX\tex/generic/kvdefinekeys\kvdefinekeys.st
y
Package: kvdefinekeys 2019-12-19 v1.6 Define keys (HO)
) (C:\Users\greta\AppData\Roaming\MiKTeX\tex/generic/pdfescape\pdfescape.sty
Package: pdfescape 2019/12/09 v1.15 Implements pdfTeX's escape features (HO)
) (C:\Users\greta\AppData\Roaming\MiKTeX\tex/latex/hycolor\hycolor.sty
Package: hycolor 2020-01-27 v1.10 Color options for hyperref/bookmark (HO)
) (C:\Users\greta\AppData\Roaming\MiKTeX\tex/latex/letltxmacro\letltxmacro.sty
Package: letltxmacro 2019/12/03 v1.6 Let assignment for LaTeX macros (HO)
) (C:\Users\greta\AppData\Roaming\MiKTeX\tex/latex/auxhook\auxhook.sty
Package: auxhook 2019-12-17 v1.6 Hooks for auxiliary files (HO)
)
\@linkdim=\dimen182
\Hy@linkcounter=\count290
\Hy@pagecounter=\count291
(C:\Users\greta\AppData\Local\Programs\MiKTeX\tex/latex/hyperref\pd1enc.def
File: pd1enc.def 2021-06-07 v7.00m Hyperref: PDFDocEncoding definition (HO)
Now handling font encoding PD1 ...
... no UTF-8 mapping file for font encoding PD1
)
(C:\Users\greta\AppData\Local\Programs\MiKTeX\tex/latex/hyperref\hyperref-langp
atches.def
File: hyperref-langpatches.def 2021-06-07 v7.00m Hyperref: patches for babel la
nguages
) (C:\Users\greta\AppData\Roaming\MiKTeX\tex/generic/intcalc\intcalc.sty
Package: intcalc 2019/12/15 v1.3 Expandable calculations with integers (HO)
) (C:\Users\greta\AppData\Roaming\MiKTeX\tex/generic/etexcmds\etexcmds.sty
Package: etexcmds 2019/12/15 v1.7 Avoid name clashes with e-TeX commands (HO)
)
\Hy@SavedSpaceFactor=\count292
(C:\Users\greta\AppData\Local\Programs\MiKTeX\tex/latex/hyperref\puenc.def
File: puenc.def 2021-06-07 v7.00m Hyperref: PDF Unicode definition (HO)
Now handling font encoding PU ...
... no UTF-8 mapping file for font encoding PU
)
Package hyperref Info: Option `unicode' set `true' on input line 4073.
Package hyperref Info: Hyper figures OFF on input line 4192.
Package hyperref Info: Link nesting OFF on input line 4197.
Package hyperref Info: Hyper index ON on input line 4200.
Package hyperref Info: Plain pages OFF on input line 4207.
Package hyperref Info: Backreferencing OFF on input line 4212.
Package hyperref Info: Implicit mode ON; LaTeX internals redefined.
Package hyperref Info: Bookmarks ON on input line 4445.
\c@Hy@tempcnt=\count293
(C:\Users\greta\AppData\Local\Programs\MiKTeX\tex/latex/url\url.sty
\Urlmuskip=\muskip17
Package: url 2013/09/16  ver 3.4  Verb mode for urls, etc.
)
LaTeX Info: Redefining \url on input line 4804.
\XeTeXLinkMargin=\dimen183
(C:\Users\greta\AppData\Roaming\MiKTeX\tex/generic/bitset\bitset.sty
Package: bitset 2019/12/09 v1.3 Handle bit-vector datatype (HO)
(C:\Users\greta\AppData\Roaming\MiKTeX\tex/generic/bigintcalc\bigintcalc.sty
Package: bigintcalc 2019/12/15 v1.5 Expandable calculations on big integers (HO
)
))
\Fld@menulength=\count294
\Field@Width=\dimen184
\Fld@charsize=\dimen185
Package hyperref Info: Hyper figures OFF on input line 6076.
Package hyperref Info: Link nesting OFF on input line 6081.
Package hyperref Info: Hyper index ON on input line 6084.
Package hyperref Info: backreferencing OFF on input line 6091.
Package hyperref Info: Link coloring OFF on input line 6096.
Package hyperref Info: Link coloring with OCG OFF on input line 6101.
Package hyperref Info: PDF/A mode OFF on input line 6106.
LaTeX Info: Redefining \ref on input line 6146.
LaTeX Info: Redefining \pageref on input line 6150.
(C:\Users\greta\AppData\Local\Programs\MiKTeX\tex/latex/base\atbegshi-ltx.sty
Package: atbegshi-ltx 2021/01/10 v1.0c Emulation of the original atbegshi
package with kernel methods
)
\Hy@abspage=\count295
\c@Item=\count296
\c@Hfootnote=\count297
)
Package hyperref Info: Driver (autodetected): hpdftex.
(C:\Users\greta\AppData\Local\Programs\MiKTeX\tex/latex/hyperref\hpdftex.def
File: hpdftex.def 2021-06-07 v7.00m Hyperref driver for pdfTeX
(C:\Users\greta\AppData\Local\Programs\MiKTeX\tex/latex/base\atveryend-ltx.sty
Package: atveryend-ltx 2020/08/19 v1.0a Emulation of the original atveryend pac
kage
with kernel methods
)
\Fld@listcount=\count298
\c@bookmark@seq@number=\count299

(C:\Users\greta\AppData\Roaming\MiKTeX\tex/latex/rerunfilecheck\rerunfilecheck.
sty
Package: rerunfilecheck 2019/12/05 v1.9 Rerun checks for auxiliary files (HO)

(C:\Users\greta\AppData\Roaming\MiKTeX\tex/generic/uniquecounter\uniquecounter.
sty
Package: uniquecounter 2019/12/15 v1.4 Provide unlimited unique counter (HO)
)
Package uniquecounter Info: New unique counter `rerunfilecheck' on input line 2
86.
)
\Hy@SectionHShift=\skip72
) (C:\Users\greta\AppData\Roaming\MiKTeX\tex/latex/bookmark\bkm-pdftex.def
File: bkm-pdftex.def 2020-11-06 v1.29 bookmark driver for pdfTeX (HO)
\BKM@id=\count300
)) (C:\Users\greta\AppData\Roaming\MiKTeX\tex/latex/xurl\xurl.sty
Package: xurl 2020/12/30 v 0.09a modify URL breaks
)
(C:\Users\greta\AppData\Local\Programs\MiKTeX\tex/latex/l3backend\l3backend-pdf
tex.def
File: l3backend-pdftex.def 2021-10-18 L3 backend support: PDF output (pdfTeX)
\l__color_backend_stack_int=\count301
\l__pdf_internal_box=\box61
) (data_visualization_ggplot_8Feb2023_NoSolutions.aux)
\openout1 = `data_visualization_ggplot_8Feb2023_NoSolutions.aux'.

LaTeX Font Info:    Checking defaults for OML/cmm/m/it on input line 126.
LaTeX Font Info:    ... okay on input line 126.
LaTeX Font Info:    Checking defaults for OMS/cmsy/m/n on input line 126.
LaTeX Font Info:    ... okay on input line 126.
LaTeX Font Info:    Checking defaults for OT1/cmr/m/n on input line 126.
LaTeX Font Info:    ... okay on input line 126.
LaTeX Font Info:    Checking defaults for T1/cmr/m/n on input line 126.
LaTeX Font Info:    ... okay on input line 126.
LaTeX Font Info:    Checking defaults for TS1/cmr/m/n on input line 126.
LaTeX Font Info:    ... okay on input line 126.
LaTeX Font Info:    Checking defaults for OMX/cmex/m/n on input line 126.
LaTeX Font Info:    ... okay on input line 126.
LaTeX Font Info:    Checking defaults for U/cmr/m/n on input line 126.
LaTeX Font Info:    ... okay on input line 126.
LaTeX Font Info:    Checking defaults for PD1/pdf/m/n on input line 126.
LaTeX Font Info:    ... okay on input line 126.
LaTeX Font Info:    Checking defaults for PU/pdf/m/n on input line 126.
LaTeX Font Info:    ... okay on input line 126.
LaTeX Info: Redefining \microtypecontext on input line 126.
Package microtype Info: Generating PDF output.
Package microtype Info: Character protrusion enabled (level 2).
Package microtype Info: Using protrusion set `basicmath'.
Package microtype Info: Automatic font expansion enabled (level 2),
(microtype)             stretch: 20, shrink: 20, step: 1, non-selected.
Package microtype Info: Using default expansion set `alltext-nott'.
LaTeX Info: Redefining \showhyphens on input line 126.
Package microtype Info: No adjustment of tracking.
Package microtype Info: No adjustment of interword spacing.
Package microtype Info: No adjustment of character kerning.
(C:\Users\greta\AppData\Roaming\MiKTeX\tex/latex/microtype\mt-cmr.cfg
File: mt-cmr.cfg 2013/05/19 v2.2 microtype config. file: Computer Modern Roman 
(RS)
)
(C:\Users\greta\AppData\Local\Programs\MiKTeX\tex/context/base/mkii\supp-pdf.mk
ii
[Loading MPS to PDF converter (version 2006.09.02).]
\scratchcounter=\count302
\scratchdimen=\dimen186
\scratchbox=\box62
\nofMPsegments=\count303
\nofMParguments=\count304
\everyMPshowfont=\toks29
\MPscratchCnt=\count305
\MPscratchDim=\dimen187
\MPnumerator=\count306
\makeMPintoPDFobject=\count307
\everyMPtoPDFconversion=\toks30
)
(C:\Users\greta\AppData\Local\Programs\MiKTeX\tex/latex/epstopdf-pkg\epstopdf-b
ase.sty
Package: epstopdf-base 2020-01-24 v2.11 Base part for package epstopdf
Package epstopdf-base Info: Redefining graphics rule for `.eps' on input line 4
85.

(C:\Users\greta\AppData\Local\Programs\MiKTeX\tex/latex/00miktex\epstopdf-sys.c
fg
File: epstopdf-sys.cfg 2021/03/18 v2.0 Configuration of epstopdf for MiKTeX
))
*geometry* driver: auto-detecting
*geometry* detected driver: pdftex
*geometry* verbose mode - [ preamble ] result:
* driver: pdftex
* paper: <default>
* layout: <same size as paper>
* layoutoffset:(h,v)=(0.0pt,0.0pt)
* modes: 
* h-part:(L,W,R)=(72.26999pt, 469.75502pt, 72.26999pt)
* v-part:(T,H,B)=(72.26999pt, 650.43001pt, 72.26999pt)
* \paperwidth=614.295pt
* \paperheight=794.96999pt
* \textwidth=469.75502pt
* \textheight=650.43001pt
* \oddsidemargin=0.0pt
* \evensidemargin=0.0pt
* \topmargin=-37.0pt
* \headheight=12.0pt
* \headsep=25.0pt
* \topskip=10.0pt
* \footskip=30.0pt
* \marginparwidth=65.0pt
* \marginparsep=11.0pt
* \columnsep=10.0pt
* \skip\footins=9.0pt plus 4.0pt minus 2.0pt
* \hoffset=0.0pt
* \voffset=0.0pt
* \mag=1000
* \@twocolumnfalse
* \@twosidefalse
* \@mparswitchfalse
* \@reversemarginfalse
* (1in=72.27pt=25.4mm, 1cm=28.453pt)

Package hyperref Info: Link coloring OFF on input line 126.
(C:\Users\greta\AppData\Local\Programs\MiKTeX\tex/latex/hyperref\nameref.sty
Package: nameref 2021-04-02 v2.47 Cross-referencing by name of section
(C:\Users\greta\AppData\Roaming\MiKTeX\tex/latex/refcount\refcount.sty
Package: refcount 2019/12/15 v3.6 Data extraction from label references (HO)
)
(C:\Users\greta\AppData\Roaming\MiKTeX\tex/generic/gettitlestring\gettitlestrin
g.sty
Package: gettitlestring 2019/12/15 v1.6 Cleanup title references (HO)
)
\c@section@level=\count308
)
LaTeX Info: Redefining \ref on input line 126.
LaTeX Info: Redefining \pageref on input line 126.
LaTeX Info: Redefining \nameref on input line 126.
LaTeX Font Info:    Trying to load font information for OT1+lmr on input line 1
28.
(C:\Users\greta\AppData\Local\Programs\MiKTeX\tex/latex/lm\ot1lmr.fd
File: ot1lmr.fd 2009/10/30 v1.6 Font defs for Latin Modern
)
LaTeX Font Info:    Trying to load font information for OML+lmm on input line 1
28.
(C:\Users\greta\AppData\Local\Programs\MiKTeX\tex/latex/lm\omllmm.fd
File: omllmm.fd 2009/10/30 v1.6 Font defs for Latin Modern
)
LaTeX Font Info:    Trying to load font information for OMS+lmsy on input line 
128.
(C:\Users\greta\AppData\Local\Programs\MiKTeX\tex/latex/lm\omslmsy.fd
File: omslmsy.fd 2009/10/30 v1.6 Font defs for Latin Modern
)
LaTeX Font Info:    Trying to load font information for OMX+lmex on input line 
128.
(C:\Users\greta\AppData\Local\Programs\MiKTeX\tex/latex/lm\omxlmex.fd
File: omxlmex.fd 2009/10/30 v1.6 Font defs for Latin Modern
)
LaTeX Font Info:    External font `lmex10' loaded for size
(Font)              <12> on input line 128.
LaTeX Font Info:    External font `lmex10' loaded for size
(Font)              <8> on input line 128.
LaTeX Font Info:    External font `lmex10' loaded for size
(Font)              <6> on input line 128.
LaTeX Font Info:    Trying to load font information for U+msa on input line 128
.
(C:\Users\greta\AppData\Local\Programs\MiKTeX\tex/latex/amsfonts\umsa.fd
File: umsa.fd 2013/01/14 v3.01 AMS symbols A
) (C:\Users\greta\AppData\Roaming\MiKTeX\tex/latex/microtype\mt-msa.cfg
File: mt-msa.cfg 2006/02/04 v1.1 microtype config. file: AMS symbols (a) (RS)
)
LaTeX Font Info:    Trying to load font information for U+msb on input line 128
.
(C:\Users\greta\AppData\Local\Programs\MiKTeX\tex/latex/amsfonts\umsb.fd
File: umsb.fd 2013/01/14 v3.01 AMS symbols B
) (C:\Users\greta\AppData\Roaming\MiKTeX\tex/latex/microtype\mt-msb.cfg
File: mt-msb.cfg 2005/06/01 v1.0 microtype config. file: AMS symbols (b) (RS)
)
LaTeX Font Info:    Trying to load font information for TS1+lmr on input line 1
38.
(C:\Users\greta\AppData\Local\Programs\MiKTeX\tex/latex/lm\ts1lmr.fd
File: ts1lmr.fd 2009/10/30 v1.6 Font defs for Latin Modern
)
Underfull \hbox (badness 10000) in paragraph at lines 150--152

 []

LaTeX Font Info:    Trying to load font information for T1+lmtt on input line 1
67.
(C:\Users\greta\AppData\Local\Programs\MiKTeX\tex/latex/lm\t1lmtt.fd
File: t1lmtt.fd 2009/10/30 v1.6 Font defs for Latin Modern
)
LaTeX Font Info:    External font `lmex10' loaded for size
(Font)              <10> on input line 200.
LaTeX Font Info:    External font `lmex10' loaded for size
(Font)              <7> on input line 200.
LaTeX Font Info:    External font `lmex10' loaded for size
(Font)              <5> on input line 200.
[1

{C:/Users/greta/AppData/Local/MiKTeX/pdftex/config/pdftex.map}]
LaTeX Font Info:    Font shape `T1/lmtt/bx/n' in size <10> not available
(Font)              Font shape `T1/lmtt/b/n' tried instead on input line 208.

LaTeX Font Warning: Font shape `T1/lmtt/bx/it' in size <10> not available
(Font)              Font shape `T1/lmtt/b/sl' tried instead on input line 272.

[2]
Overfull \hbox (91.99335pt too wide) in paragraph at lines 388--388
[]\T1/lmtt/m/n/10 ##  $ plot_type      : chr [1:11332] "Long-term Krat Exclosur
e" "Spectab exclosure" "Control" "Control" ...[] 
 []


Overfull \hbox (2.7436pt too wide) in paragraph at lines 388--388
[]\T1/lmtt/m/n/10 ##  $ genus          : chr [1:11332] "Perognathus" "Dipodomys
" "Dipodomys" "Dipodomys" ...[] 
 []

[3]
LaTeX Font Info:    Font shape `T1/lmtt/bx/n' in size <12> not available
(Font)              Font shape `T1/lmtt/b/n' tried instead on input line 435.
LaTeX Font Info:    Font shape `T1/lmtt/bx/sl' in size <10> not available
(Font)              Font shape `T1/lmtt/b/sl' tried instead on input line 453.
[4]
<data_visualization_ggplot_8Feb2023_NoSolutions_files/figure-latex/bind-plot-1.
pdf, id=53, 433.62pt x 216.81pt>
File: data_visualization_ggplot_8Feb2023_NoSolutions_files/figure-latex/bind-pl
ot-1.pdf Graphic file (type pdf)
<use data_visualization_ggplot_8Feb2023_NoSolutions_files/figure-latex/bind-plo
t-1.pdf>
Package pdftex.def Info: data_visualization_ggplot_8Feb2023_NoSolutions_files/f
igure-latex/bind-plot-1.pdf  used on input line 469.
(pdftex.def)             Requested size: 433.63878pt x 216.81938pt.
<data_visualization_ggplot_8Feb2023_NoSolutions_files/figure-latex/define-mappi
ng-1.pdf, id=54, 433.62pt x 216.81pt>
File: data_visualization_ggplot_8Feb2023_NoSolutions_files/figure-latex/define-
mapping-1.pdf Graphic file (type pdf)
<use data_visualization_ggplot_8Feb2023_NoSolutions_files/figure-latex/define-m
apping-1.pdf>
Package pdftex.def Info: data_visualization_ggplot_8Feb2023_NoSolutions_files/f
igure-latex/define-mapping-1.pdf  used on input line 489.
(pdftex.def)             Requested size: 433.63878pt x 216.81938pt.
[5 <./data_visualization_ggplot_8Feb2023_NoSolutions_files/figure-latex/bind-pl
ot-1.pdf> <./data_visualization_ggplot_8Feb2023_NoSolutions_files/figure-latex/
define-mapping-1.pdf>]
Underfull \hbox (badness 10000) in paragraph at lines 508--510

 []

<data_visualization_ggplot_8Feb2023_NoSolutions_files/figure-latex/add-to-plots
-1.pdf, id=69, 433.62pt x 216.81pt>
File: data_visualization_ggplot_8Feb2023_NoSolutions_files/figure-latex/add-to-
plots-1.pdf Graphic file (type pdf)
<use data_visualization_ggplot_8Feb2023_NoSolutions_files/figure-latex/add-to-p
lots-1.pdf>
Package pdftex.def Info: data_visualization_ggplot_8Feb2023_NoSolutions_files/f
igure-latex/add-to-plots-1.pdf  used on input line 527.
(pdftex.def)             Requested size: 433.63878pt x 216.81938pt.
<data_visualization_ggplot_8Feb2023_NoSolutions_files/figure-latex/plus-sign-1.
pdf, id=70, 433.62pt x 216.81pt>
File: data_visualization_ggplot_8Feb2023_NoSolutions_files/figure-latex/plus-si
gn-1.pdf Graphic file (type pdf)
<use data_visualization_ggplot_8Feb2023_NoSolutions_files/figure-latex/plus-sig
n-1.pdf>
Package pdftex.def Info: data_visualization_ggplot_8Feb2023_NoSolutions_files/f
igure-latex/plus-sign-1.pdf  used on input line 551.
(pdftex.def)             Requested size: 433.63878pt x 216.81938pt.
[6 <./data_visualization_ggplot_8Feb2023_NoSolutions_files/figure-latex/add-to-
plots-1.pdf>]
LaTeX Font Info:    Trying to load font information for TS1+lmtt on input line 
563.
(C:\Users\greta\AppData\Local\Programs\MiKTeX\tex/latex/lm\ts1lmtt.fd
File: ts1lmtt.fd 2009/10/30 v1.6 Font defs for Latin Modern
)
<data_visualization_ggplot_8Feb2023_NoSolutions_files/figure-latex/build-plot-1
.pdf, id=81, 433.62pt x 216.81pt>
File: data_visualization_ggplot_8Feb2023_NoSolutions_files/figure-latex/build-p
lot-1.pdf Graphic file (type pdf)
<use data_visualization_ggplot_8Feb2023_NoSolutions_files/figure-latex/build-pl
ot-1.pdf>
Package pdftex.def Info: data_visualization_ggplot_8Feb2023_NoSolutions_files/f
igure-latex/build-plot-1.pdf  used on input line 581.
(pdftex.def)             Requested size: 433.63878pt x 216.81938pt.
[7 <./data_visualization_ggplot_8Feb2023_NoSolutions_files/figure-latex/plus-si
gn-1.pdf> <./data_visualization_ggplot_8Feb2023_NoSolutions_files/figure-latex/
build-plot-1.pdf>]
<data_visualization_ggplot_8Feb2023_NoSolutions_files/figure-latex/modify-plot-
1.pdf, id=100, 433.62pt x 216.81pt>
File: data_visualization_ggplot_8Feb2023_NoSolutions_files/figure-latex/modify-
plot-1.pdf Graphic file (type pdf)
<use data_visualization_ggplot_8Feb2023_NoSolutions_files/figure-latex/modify-p
lot-1.pdf>
Package pdftex.def Info: data_visualization_ggplot_8Feb2023_NoSolutions_files/f
igure-latex/modify-plot-1.pdf  used on input line 597.
(pdftex.def)             Requested size: 433.63878pt x 216.81938pt.
<data_visualization_ggplot_8Feb2023_NoSolutions_files/figure-latex/color-plot-1
.pdf, id=101, 433.62pt x 216.81pt>
File: data_visualization_ggplot_8Feb2023_NoSolutions_files/figure-latex/color-p
lot-1.pdf Graphic file (type pdf)
<use data_visualization_ggplot_8Feb2023_NoSolutions_files/figure-latex/color-pl
ot-1.pdf>
Package pdftex.def Info: data_visualization_ggplot_8Feb2023_NoSolutions_files/f
igure-latex/color-plot-1.pdf  used on input line 617.
(pdftex.def)             Requested size: 433.63878pt x 216.81938pt.
[8 <./data_visualization_ggplot_8Feb2023_NoSolutions_files/figure-latex/modify-
plot-1.pdf> <./data_visualization_ggplot_8Feb2023_NoSolutions_files/figure-late
x/color-plot-1.pdf>]
<data_visualization_ggplot_8Feb2023_NoSolutions_files/figure-latex/challenge-1-
solution-1.pdf, id=125, 433.62pt x 216.81pt>
File: data_visualization_ggplot_8Feb2023_NoSolutions_files/figure-latex/challen
ge-1-solution-1.pdf Graphic file (type pdf)
<use data_visualization_ggplot_8Feb2023_NoSolutions_files/figure-latex/challeng
e-1-solution-1.pdf>
Package pdftex.def Info: data_visualization_ggplot_8Feb2023_NoSolutions_files/f
igure-latex/challenge-1-solution-1.pdf  used on input line 668.
(pdftex.def)             Requested size: 433.63878pt x 216.81938pt.
[9 <./data_visualization_ggplot_8Feb2023_NoSolutions_files/figure-latex/challen
ge-1-solution-1.pdf>]
<data_visualization_ggplot_8Feb2023_NoSolutions_files/figure-latex/pipe-example
-1.pdf, id=142, 433.62pt x 216.81pt>
File: data_visualization_ggplot_8Feb2023_NoSolutions_files/figure-latex/pipe-ex
ample-1.pdf Graphic file (type pdf)
<use data_visualization_ggplot_8Feb2023_NoSolutions_files/figure-latex/pipe-exa
mple-1.pdf>
Package pdftex.def Info: data_visualization_ggplot_8Feb2023_NoSolutions_files/f
igure-latex/pipe-example-1.pdf  used on input line 700.
(pdftex.def)             Requested size: 433.63878pt x 216.81938pt.
<data_visualization_ggplot_8Feb2023_NoSolutions_files/figure-latex/color-exampl
e1-1.pdf, id=143, 433.62pt x 216.81pt>
File: data_visualization_ggplot_8Feb2023_NoSolutions_files/figure-latex/color-e
xample1-1.pdf Graphic file (type pdf)
<use data_visualization_ggplot_8Feb2023_NoSolutions_files/figure-latex/color-ex
ample1-1.pdf>
Package pdftex.def Info: data_visualization_ggplot_8Feb2023_NoSolutions_files/f
igure-latex/color-example1-1.pdf  used on input line 729.
(pdftex.def)             Requested size: 433.63878pt x 216.81938pt.
[10 <./data_visualization_ggplot_8Feb2023_NoSolutions_files/figure-latex/pipe-e
xample-1.pdf>]
<data_visualization_ggplot_8Feb2023_NoSolutions_files/figure-latex/color-exampl
e2-1.pdf, id=159, 433.62pt x 216.81pt>
File: data_visualization_ggplot_8Feb2023_NoSolutions_files/figure-latex/color-e
xample2-1.pdf Graphic file (type pdf)
<use data_visualization_ggplot_8Feb2023_NoSolutions_files/figure-latex/color-ex
ample2-1.pdf>
Package pdftex.def Info: data_visualization_ggplot_8Feb2023_NoSolutions_files/f
igure-latex/color-example2-1.pdf  used on input line 753.
(pdftex.def)             Requested size: 433.63878pt x 216.81938pt.
[11 <./data_visualization_ggplot_8Feb2023_NoSolutions_files/figure-latex/color-
example1-1.pdf> <./data_visualization_ggplot_8Feb2023_NoSolutions_files/figure-
latex/color-example2-1.pdf>]
<data_visualization_ggplot_8Feb2023_NoSolutions_files/figure-latex/color-global
-1.pdf, id=184, 433.62pt x 216.81pt>
File: data_visualization_ggplot_8Feb2023_NoSolutions_files/figure-latex/color-g
lobal-1.pdf Graphic file (type pdf)
<use data_visualization_ggplot_8Feb2023_NoSolutions_files/figure-latex/color-gl
obal-1.pdf>
Package pdftex.def Info: data_visualization_ggplot_8Feb2023_NoSolutions_files/f
igure-latex/color-global-1.pdf  used on input line 784.
(pdftex.def)             Requested size: 433.63878pt x 216.81938pt.
<data_visualization_ggplot_8Feb2023_NoSolutions_files/figure-latex/color-local-
1.pdf, id=185, 433.62pt x 216.81pt>
File: data_visualization_ggplot_8Feb2023_NoSolutions_files/figure-latex/color-l
ocal-1.pdf Graphic file (type pdf)
<use data_visualization_ggplot_8Feb2023_NoSolutions_files/figure-latex/color-lo
cal-1.pdf>
Package pdftex.def Info: data_visualization_ggplot_8Feb2023_NoSolutions_files/f
igure-latex/color-local-1.pdf  used on input line 807.
(pdftex.def)             Requested size: 433.63878pt x 216.81938pt.
[12 <./data_visualization_ggplot_8Feb2023_NoSolutions_files/figure-latex/color-
global-1.pdf>]
<data_visualization_ggplot_8Feb2023_NoSolutions_files/figure-latex/challenge-2p
art1-solution-1.pdf, id=201, 433.62pt x 216.81pt>
File: data_visualization_ggplot_8Feb2023_NoSolutions_files/figure-latex/challen
ge-2part1-solution-1.pdf Graphic file (type pdf)
<use data_visualization_ggplot_8Feb2023_NoSolutions_files/figure-latex/challeng
e-2part1-solution-1.pdf>
Package pdftex.def Info: data_visualization_ggplot_8Feb2023_NoSolutions_files/f
igure-latex/challenge-2part1-solution-1.pdf  used on input line 846.
(pdftex.def)             Requested size: 433.63878pt x 216.81938pt.
[13 <./data_visualization_ggplot_8Feb2023_NoSolutions_files/figure-latex/color-
local-1.pdf> <./data_visualization_ggplot_8Feb2023_NoSolutions_files/figure-lat
ex/challenge-2part1-solution-1.pdf>]
<data_visualization_ggplot_8Feb2023_NoSolutions_files/figure-latex/challenge-2p
art2-solution-1.pdf, id=231, 433.62pt x 216.81pt>
File: data_visualization_ggplot_8Feb2023_NoSolutions_files/figure-latex/challen
ge-2part2-solution-1.pdf Graphic file (type pdf)
<use data_visualization_ggplot_8Feb2023_NoSolutions_files/figure-latex/challeng
e-2part2-solution-1.pdf>
Package pdftex.def Info: data_visualization_ggplot_8Feb2023_NoSolutions_files/f
igure-latex/challenge-2part2-solution-1.pdf  used on input line 876.
(pdftex.def)             Requested size: 433.63878pt x 216.81938pt.
<data_visualization_ggplot_8Feb2023_NoSolutions_files/figure-latex/boxplot1-1.p
df, id=232, 433.62pt x 216.81pt>
File: data_visualization_ggplot_8Feb2023_NoSolutions_files/figure-latex/boxplot
1-1.pdf Graphic file (type pdf)
<use data_visualization_ggplot_8Feb2023_NoSolutions_files/figure-latex/boxplot1
-1.pdf>
Package pdftex.def Info: data_visualization_ggplot_8Feb2023_NoSolutions_files/f
igure-latex/boxplot1-1.pdf  used on input line 894.
(pdftex.def)             Requested size: 433.63878pt x 216.81938pt.
[14 <./data_visualization_ggplot_8Feb2023_NoSolutions_files/figure-latex/challe
nge-2part2-solution-1.pdf>]

LaTeX Font Warning: Font shape `TS1/lmtt/bx/it' in size <10> not available
(Font)              Font shape `TS1/lmtt/b/sl' tried instead on input line 904.


<data_visualization_ggplot_8Feb2023_NoSolutions_files/figure-latex/boxplot2-1.p
df, id=250, 433.62pt x 216.81pt>
File: data_visualization_ggplot_8Feb2023_NoSolutions_files/figure-latex/boxplot
2-1.pdf Graphic file (type pdf)
<use data_visualization_ggplot_8Feb2023_NoSolutions_files/figure-latex/boxplot2
-1.pdf>
Package pdftex.def Info: data_visualization_ggplot_8Feb2023_NoSolutions_files/f
igure-latex/boxplot2-1.pdf  used on input line 909.
(pdftex.def)             Requested size: 433.63878pt x 216.81938pt.
[15 <./data_visualization_ggplot_8Feb2023_NoSolutions_files/figure-latex/boxplo
t1-1.pdf> <./data_visualization_ggplot_8Feb2023_NoSolutions_files/figure-latex/
boxplot2-1.pdf>]
<data_visualization_ggplot_8Feb2023_NoSolutions_files/figure-latex/challenge-3p
art1-example-1.pdf, id=272, 433.62pt x 216.81pt>
File: data_visualization_ggplot_8Feb2023_NoSolutions_files/figure-latex/challen
ge-3part1-example-1.pdf Graphic file (type pdf)
<use data_visualization_ggplot_8Feb2023_NoSolutions_files/figure-latex/challeng
e-3part1-example-1.pdf>
Package pdftex.def Info: data_visualization_ggplot_8Feb2023_NoSolutions_files/f
igure-latex/challenge-3part1-example-1.pdf  used on input line 943.
(pdftex.def)             Requested size: 433.63878pt x 216.81938pt.
<data_visualization_ggplot_8Feb2023_NoSolutions_files/figure-latex/challenge-3p
art1-solution-1.pdf, id=273, 433.62pt x 216.81pt>
File: data_visualization_ggplot_8Feb2023_NoSolutions_files/figure-latex/challen
ge-3part1-solution-1.pdf Graphic file (type pdf)
<use data_visualization_ggplot_8Feb2023_NoSolutions_files/figure-latex/challeng
e-3part1-solution-1.pdf>
Package pdftex.def Info: data_visualization_ggplot_8Feb2023_NoSolutions_files/f
igure-latex/challenge-3part1-solution-1.pdf  used on input line 962.
(pdftex.def)             Requested size: 433.63878pt x 216.81938pt.
[16 <./data_visualization_ggplot_8Feb2023_NoSolutions_files/figure-latex/challe
nge-3part1-example-1.pdf> <./data_visualization_ggplot_8Feb2023_NoSolutions_fil
es/figure-latex/challenge-3part1-solution-1.pdf>]
<data_visualization_ggplot_8Feb2023_NoSolutions_files/figure-latex/challenge-3p
art2-solution-1.pdf, id=297, 433.62pt x 216.81pt>
File: data_visualization_ggplot_8Feb2023_NoSolutions_files/figure-latex/challen
ge-3part2-solution-1.pdf Graphic file (type pdf)
<use data_visualization_ggplot_8Feb2023_NoSolutions_files/figure-latex/challeng
e-3part2-solution-1.pdf>
Package pdftex.def Info: data_visualization_ggplot_8Feb2023_NoSolutions_files/f
igure-latex/challenge-3part2-solution-1.pdf  used on input line 991.
(pdftex.def)             Requested size: 433.63878pt x 216.81938pt.
<data_visualization_ggplot_8Feb2023_NoSolutions_files/figure-latex/challenge-3p
art3-solution-1.pdf, id=298, 433.62pt x 216.81pt>
File: data_visualization_ggplot_8Feb2023_NoSolutions_files/figure-latex/challen
ge-3part3-solution-1.pdf Graphic file (type pdf)
<use data_visualization_ggplot_8Feb2023_NoSolutions_files/figure-latex/challeng
e-3part3-solution-1.pdf>
Package pdftex.def Info: data_visualization_ggplot_8Feb2023_NoSolutions_files/f
igure-latex/challenge-3part3-solution-1.pdf  used on input line 1023.
(pdftex.def)             Requested size: 433.63878pt x 216.81938pt.
[17 <./data_visualization_ggplot_8Feb2023_NoSolutions_files/figure-latex/challe
nge-3part2-solution-1.pdf>]
<data_visualization_ggplot_8Feb2023_NoSolutions_files/figure-latex/challenge-3p
art3-solution-2.pdf, id=315, 433.62pt x 216.81pt>
File: data_visualization_ggplot_8Feb2023_NoSolutions_files/figure-latex/challen
ge-3part3-solution-2.pdf Graphic file (type pdf)
<use data_visualization_ggplot_8Feb2023_NoSolutions_files/figure-latex/challeng
e-3part3-solution-2.pdf>
Package pdftex.def Info: data_visualization_ggplot_8Feb2023_NoSolutions_files/f
igure-latex/challenge-3part3-solution-2.pdf  used on input line 1051.
(pdftex.def)             Requested size: 433.63878pt x 216.81938pt.
[18 <./data_visualization_ggplot_8Feb2023_NoSolutions_files/figure-latex/challe
nge-3part3-solution-1.pdf> <./data_visualization_ggplot_8Feb2023_NoSolutions_fi
les/figure-latex/challenge-3part3-solution-2.pdf>]
<data_visualization_ggplot_8Feb2023_NoSolutions_files/figure-latex/datasaurus-1
.pdf, id=341, 433.62pt x 216.81pt>
File: data_visualization_ggplot_8Feb2023_NoSolutions_files/figure-latex/datasau
rus-1.pdf Graphic file (type pdf)
<use data_visualization_ggplot_8Feb2023_NoSolutions_files/figure-latex/datasaur
us-1.pdf>
Package pdftex.def Info: data_visualization_ggplot_8Feb2023_NoSolutions_files/f
igure-latex/datasaurus-1.pdf  used on input line 1089.
(pdftex.def)             Requested size: 433.63878pt x 216.81938pt.
[19 <./data_visualization_ggplot_8Feb2023_NoSolutions_files/figure-latex/datasa
urus-1.pdf>]
<data_visualization_ggplot_8Feb2023_NoSolutions_files/figure-latex/dist-plot-1.
pdf, id=361, 433.62pt x 216.81pt>
File: data_visualization_ggplot_8Feb2023_NoSolutions_files/figure-latex/dist-pl
ot-1.pdf Graphic file (type pdf)
<use data_visualization_ggplot_8Feb2023_NoSolutions_files/figure-latex/dist-plo
t-1.pdf>
Package pdftex.def Info: data_visualization_ggplot_8Feb2023_NoSolutions_files/f
igure-latex/dist-plot-1.pdf  used on input line 1117.
(pdftex.def)             Requested size: 433.63878pt x 216.81938pt.
<data_visualization_ggplot_8Feb2023_NoSolutions_files/figure-latex/dist-add-col
or-1.pdf, id=362, 433.62pt x 216.81pt>
File: data_visualization_ggplot_8Feb2023_NoSolutions_files/figure-latex/dist-ad
d-color-1.pdf Graphic file (type pdf)
<use data_visualization_ggplot_8Feb2023_NoSolutions_files/figure-latex/dist-add
-color-1.pdf>
Package pdftex.def Info: data_visualization_ggplot_8Feb2023_NoSolutions_files/f
igure-latex/dist-add-color-1.pdf  used on input line 1131.
(pdftex.def)             Requested size: 433.63878pt x 216.81938pt.
[20 <./data_visualization_ggplot_8Feb2023_NoSolutions_files/figure-latex/dist-p
lot-1.pdf> <./data_visualization_ggplot_8Feb2023_NoSolutions_files/figure-latex
/dist-add-color-1.pdf>]
<data_visualization_ggplot_8Feb2023_NoSolutions_files/figure-latex/hist-1.pdf, 
id=377, 433.62pt x 216.81pt>
File: data_visualization_ggplot_8Feb2023_NoSolutions_files/figure-latex/hist-1.
pdf Graphic file (type pdf)
<use data_visualization_ggplot_8Feb2023_NoSolutions_files/figure-latex/hist-1.p
df>
Package pdftex.def Info: data_visualization_ggplot_8Feb2023_NoSolutions_files/f
igure-latex/hist-1.pdf  used on input line 1150.
(pdftex.def)             Requested size: 433.63878pt x 216.81938pt.
<data_visualization_ggplot_8Feb2023_NoSolutions_files/figure-latex/challenge-4-
solution-1.pdf, id=378, 433.62pt x 216.81pt>
File: data_visualization_ggplot_8Feb2023_NoSolutions_files/figure-latex/challen
ge-4-solution-1.pdf Graphic file (type pdf)
<use data_visualization_ggplot_8Feb2023_NoSolutions_files/figure-latex/challeng
e-4-solution-1.pdf>
Package pdftex.def Info: data_visualization_ggplot_8Feb2023_NoSolutions_files/f
igure-latex/challenge-4-solution-1.pdf  used on input line 1185.
(pdftex.def)             Requested size: 433.63878pt x 216.81938pt.
[21 <./data_visualization_ggplot_8Feb2023_NoSolutions_files/figure-latex/hist-1
.pdf>]
<data_visualization_ggplot_8Feb2023_NoSolutions_files/figure-latex/bar1-1.pdf, 
id=390, 433.62pt x 216.81pt>
File: data_visualization_ggplot_8Feb2023_NoSolutions_files/figure-latex/bar1-1.
pdf Graphic file (type pdf)
<use data_visualization_ggplot_8Feb2023_NoSolutions_files/figure-latex/bar1-1.p
df>
Package pdftex.def Info: data_visualization_ggplot_8Feb2023_NoSolutions_files/f
igure-latex/bar1-1.pdf  used on input line 1204.
(pdftex.def)             Requested size: 433.63878pt x 216.81938pt.
[22 <./data_visualization_ggplot_8Feb2023_NoSolutions_files/figure-latex/challe
nge-4-solution-1.pdf> <./data_visualization_ggplot_8Feb2023_NoSolutions_files/f
igure-latex/bar1-1.pdf>]
Underfull \hbox (badness 10000) in paragraph at lines 1237--1239

 []


Underfull \hbox (badness 10000) in paragraph at lines 1239--1242

 []


Underfull \hbox (badness 10000) in paragraph at lines 1242--1246

 []

<data_visualization_ggplot_8Feb2023_NoSolutions_files/figure-latex/bar2-1.pdf, 
id=407, 433.62pt x 216.81pt>
File: data_visualization_ggplot_8Feb2023_NoSolutions_files/figure-latex/bar2-1.
pdf Graphic file (type pdf)
<use data_visualization_ggplot_8Feb2023_NoSolutions_files/figure-latex/bar2-1.p
df>
Package pdftex.def Info: data_visualization_ggplot_8Feb2023_NoSolutions_files/f
igure-latex/bar2-1.pdf  used on input line 1264.
(pdftex.def)             Requested size: 433.63878pt x 216.81938pt.
<data_visualization_ggplot_8Feb2023_NoSolutions_files/figure-latex/bar3-1.pdf, 
id=408, 433.62pt x 216.81pt>
File: data_visualization_ggplot_8Feb2023_NoSolutions_files/figure-latex/bar3-1.
pdf Graphic file (type pdf)
<use data_visualization_ggplot_8Feb2023_NoSolutions_files/figure-latex/bar3-1.p
df>
Package pdftex.def Info: data_visualization_ggplot_8Feb2023_NoSolutions_files/f
igure-latex/bar3-1.pdf  used on input line 1284.
(pdftex.def)             Requested size: 433.63878pt x 216.81938pt.
[23 <./data_visualization_ggplot_8Feb2023_NoSolutions_files/figure-latex/bar2-1
.pdf>]
<data_visualization_ggplot_8Feb2023_NoSolutions_files/figure-latex/bar4-1.pdf, 
id=422, 433.62pt x 216.81pt>
File: data_visualization_ggplot_8Feb2023_NoSolutions_files/figure-latex/bar4-1.
pdf Graphic file (type pdf)
<use data_visualization_ggplot_8Feb2023_NoSolutions_files/figure-latex/bar4-1.p
df>
Package pdftex.def Info: data_visualization_ggplot_8Feb2023_NoSolutions_files/f
igure-latex/bar4-1.pdf  used on input line 1303.
(pdftex.def)             Requested size: 433.63878pt x 216.81938pt.
[24 <./data_visualization_ggplot_8Feb2023_NoSolutions_files/figure-latex/bar3-1
.pdf> <./data_visualization_ggplot_8Feb2023_NoSolutions_files/figure-latex/bar4
-1.pdf>]
<data_visualization_ggplot_8Feb2023_NoSolutions_files/figure-latex/bar5-1.pdf, 
id=442, 433.62pt x 216.81pt>
File: data_visualization_ggplot_8Feb2023_NoSolutions_files/figure-latex/bar5-1.
pdf Graphic file (type pdf)
<use data_visualization_ggplot_8Feb2023_NoSolutions_files/figure-latex/bar5-1.p
df>
Package pdftex.def Info: data_visualization_ggplot_8Feb2023_NoSolutions_files/f
igure-latex/bar5-1.pdf  used on input line 1329.
(pdftex.def)             Requested size: 433.63878pt x 216.81938pt.
<data_visualization_ggplot_8Feb2023_NoSolutions_files/figure-latex/challenge-6-
example-1.pdf, id=443, 433.62pt x 216.81pt>
File: data_visualization_ggplot_8Feb2023_NoSolutions_files/figure-latex/challen
ge-6-example-1.pdf Graphic file (type pdf)
<use data_visualization_ggplot_8Feb2023_NoSolutions_files/figure-latex/challeng
e-6-example-1.pdf>
Package pdftex.def Info: data_visualization_ggplot_8Feb2023_NoSolutions_files/f
igure-latex/challenge-6-example-1.pdf  used on input line 1350.
(pdftex.def)             Requested size: 433.63878pt x 216.81938pt.
[25 <./data_visualization_ggplot_8Feb2023_NoSolutions_files/figure-latex/bar5-1
.pdf> <./data_visualization_ggplot_8Feb2023_NoSolutions_files/figure-latex/chal
lenge-6-example-1.pdf>]
<data_visualization_ggplot_8Feb2023_NoSolutions_files/figure-latex/challenge-6-
solution-1.pdf, id=462, 433.62pt x 216.81pt>
File: data_visualization_ggplot_8Feb2023_NoSolutions_files/figure-latex/challen
ge-6-solution-1.pdf Graphic file (type pdf)
<use data_visualization_ggplot_8Feb2023_NoSolutions_files/figure-latex/challeng
e-6-solution-1.pdf>
Package pdftex.def Info: data_visualization_ggplot_8Feb2023_NoSolutions_files/f
igure-latex/challenge-6-solution-1.pdf  used on input line 1360.
(pdftex.def)             Requested size: 433.63878pt x 216.81938pt.
<data_visualization_ggplot_8Feb2023_NoSolutions_files/figure-latex/stacking-1.p
df, id=463, 433.62pt x 216.81pt>
File: data_visualization_ggplot_8Feb2023_NoSolutions_files/figure-latex/stackin
g-1.pdf Graphic file (type pdf)
<use data_visualization_ggplot_8Feb2023_NoSolutions_files/figure-latex/stacking
-1.pdf>
Package pdftex.def Info: data_visualization_ggplot_8Feb2023_NoSolutions_files/f
igure-latex/stacking-1.pdf  used on input line 1391.
(pdftex.def)             Requested size: 433.63878pt x 216.81938pt.
[26 <./data_visualization_ggplot_8Feb2023_NoSolutions_files/figure-latex/challe
nge-6-solution-1.pdf> <./data_visualization_ggplot_8Feb2023_NoSolutions_files/f
igure-latex/stacking-1.pdf>]
<data_visualization_ggplot_8Feb2023_NoSolutions_files/figure-latex/stacking-2.p
df, id=482, 433.62pt x 216.81pt>
File: data_visualization_ggplot_8Feb2023_NoSolutions_files/figure-latex/stackin
g-2.pdf Graphic file (type pdf)
<use data_visualization_ggplot_8Feb2023_NoSolutions_files/figure-latex/stacking
-2.pdf>
Package pdftex.def Info: data_visualization_ggplot_8Feb2023_NoSolutions_files/f
igure-latex/stacking-2.pdf  used on input line 1401.
(pdftex.def)             Requested size: 433.63878pt x 216.81938pt.
<data_visualization_ggplot_8Feb2023_NoSolutions_files/figure-latex/stacking2-1.
pdf, id=483, 433.62pt x 216.81pt>
File: data_visualization_ggplot_8Feb2023_NoSolutions_files/figure-latex/stackin
g2-1.pdf Graphic file (type pdf)
<use data_visualization_ggplot_8Feb2023_NoSolutions_files/figure-latex/stacking
2-1.pdf>
Package pdftex.def Info: data_visualization_ggplot_8Feb2023_NoSolutions_files/f
igure-latex/stacking2-1.pdf  used on input line 1418.
(pdftex.def)             Requested size: 433.63878pt x 216.81938pt.
[27 <./data_visualization_ggplot_8Feb2023_NoSolutions_files/figure-latex/stacki
ng-2.pdf> <./data_visualization_ggplot_8Feb2023_NoSolutions_files/figure-latex/
stacking2-1.pdf>]
<data_visualization_ggplot_8Feb2023_NoSolutions_files/figure-latex/timeseries2-
1.pdf, id=501, 433.62pt x 216.81pt>
File: data_visualization_ggplot_8Feb2023_NoSolutions_files/figure-latex/timeser
ies2-1.pdf Graphic file (type pdf)
<use data_visualization_ggplot_8Feb2023_NoSolutions_files/figure-latex/timeseri
es2-1.pdf>
Package pdftex.def Info: data_visualization_ggplot_8Feb2023_NoSolutions_files/f
igure-latex/timeseries2-1.pdf  used on input line 1471.
(pdftex.def)             Requested size: 433.63878pt x 216.81938pt.
[28 <./data_visualization_ggplot_8Feb2023_NoSolutions_files/figure-latex/timese
ries2-1.pdf>]
<data_visualization_ggplot_8Feb2023_NoSolutions_files/figure-latex/timeseries3-
1.pdf, id=512, 433.62pt x 216.81pt>
File: data_visualization_ggplot_8Feb2023_NoSolutions_files/figure-latex/timeser
ies3-1.pdf Graphic file (type pdf)
<use data_visualization_ggplot_8Feb2023_NoSolutions_files/figure-latex/timeseri
es3-1.pdf>
Package pdftex.def Info: data_visualization_ggplot_8Feb2023_NoSolutions_files/f
igure-latex/timeseries3-1.pdf  used on input line 1486.
(pdftex.def)             Requested size: 433.63878pt x 216.81938pt.
<data_visualization_ggplot_8Feb2023_NoSolutions_files/figure-latex/timeseries4-
1.pdf, id=513, 433.62pt x 216.81pt>
File: data_visualization_ggplot_8Feb2023_NoSolutions_files/figure-latex/timeser
ies4-1.pdf Graphic file (type pdf)
<use data_visualization_ggplot_8Feb2023_NoSolutions_files/figure-latex/timeseri
es4-1.pdf>
Package pdftex.def Info: data_visualization_ggplot_8Feb2023_NoSolutions_files/f
igure-latex/timeseries4-1.pdf  used on input line 1500.
(pdftex.def)             Requested size: 433.63878pt x 216.81938pt.
[29 <./data_visualization_ggplot_8Feb2023_NoSolutions_files/figure-latex/timese
ries3-1.pdf> <./data_visualization_ggplot_8Feb2023_NoSolutions_files/figure-lat
ex/timeseries4-1.pdf>]
Overfull \hbox (19.26556pt too wide) in paragraph at lines 1535--1538
[]\T1/lmr/m/n/10 (-20) This looks like: \T1/lmtt/m/n/10 facet_wrap(facets = var
s(facet_variable)) \T1/lmr/m/n/10 (-20) or \T1/lmtt/m/n/10 facet_grid(rows = va
rs(row_variable),
 []

<data_visualization_ggplot_8Feb2023_NoSolutions_files/figure-latex/facet1-1.pdf
, id=529, 433.62pt x 216.81pt>
File: data_visualization_ggplot_8Feb2023_NoSolutions_files/figure-latex/facet1-
1.pdf Graphic file (type pdf)
<use data_visualization_ggplot_8Feb2023_NoSolutions_files/figure-latex/facet1-1
.pdf>
Package pdftex.def Info: data_visualization_ggplot_8Feb2023_NoSolutions_files/f
igure-latex/facet1-1.pdf  used on input line 1551.
(pdftex.def)             Requested size: 433.63878pt x 216.81938pt.
[30 <./data_visualization_ggplot_8Feb2023_NoSolutions_files/figure-latex/facet1
-1.pdf>]
<data_visualization_ggplot_8Feb2023_NoSolutions_files/figure-latex/facet3-1.pdf
, id=540, 433.62pt x 216.81pt>
File: data_visualization_ggplot_8Feb2023_NoSolutions_files/figure-latex/facet3-
1.pdf Graphic file (type pdf)
<use data_visualization_ggplot_8Feb2023_NoSolutions_files/figure-latex/facet3-1
.pdf>
Package pdftex.def Info: data_visualization_ggplot_8Feb2023_NoSolutions_files/f
igure-latex/facet3-1.pdf  used on input line 1596.
(pdftex.def)             Requested size: 433.63878pt x 216.81938pt.
<data_visualization_ggplot_8Feb2023_NoSolutions_files/figure-latex/facet4-1.pdf
, id=541, 578.16pt x 614.295pt>
File: data_visualization_ggplot_8Feb2023_NoSolutions_files/figure-latex/facet4-
1.pdf Graphic file (type pdf)
<use data_visualization_ggplot_8Feb2023_NoSolutions_files/figure-latex/facet4-1
.pdf>
Package pdftex.def Info: data_visualization_ggplot_8Feb2023_NoSolutions_files/f
igure-latex/facet4-1.pdf  used on input line 1610.
(pdftex.def)             Requested size: 469.75385pt x 499.11345pt.
[31 <./data_visualization_ggplot_8Feb2023_NoSolutions_files/figure-latex/facet3
-1.pdf>]
<data_visualization_ggplot_8Feb2023_NoSolutions_files/figure-latex/facet5-1.pdf
, id=552, 686.565pt x 361.35pt>
File: data_visualization_ggplot_8Feb2023_NoSolutions_files/figure-latex/facet5-
1.pdf Graphic file (type pdf)
<use data_visualization_ggplot_8Feb2023_NoSolutions_files/figure-latex/facet5-1
.pdf>
Package pdftex.def Info: data_visualization_ggplot_8Feb2023_NoSolutions_files/f
igure-latex/facet5-1.pdf  used on input line 1627.
(pdftex.def)             Requested size: 469.74944pt x 247.23654pt.
[32 <./data_visualization_ggplot_8Feb2023_NoSolutions_files/figure-latex/facet4
-1.pdf>]
<data_visualization_ggplot_8Feb2023_NoSolutions_files/figure-latex/facet6-1.pdf
, id=562, 686.565pt x 216.81pt>
File: data_visualization_ggplot_8Feb2023_NoSolutions_files/figure-latex/facet6-
1.pdf Graphic file (type pdf)
<use data_visualization_ggplot_8Feb2023_NoSolutions_files/figure-latex/facet6-1
.pdf>
Package pdftex.def Info: data_visualization_ggplot_8Feb2023_NoSolutions_files/f
igure-latex/facet6-1.pdf  used on input line 1647.
(pdftex.def)             Requested size: 469.74944pt x 148.34192pt.
[33 <./data_visualization_ggplot_8Feb2023_NoSolutions_files/figure-latex/facet5
-1.pdf> <./data_visualization_ggplot_8Feb2023_NoSolutions_files/figure-latex/fa
cet6-1.pdf>]
<data_visualization_ggplot_8Feb2023_NoSolutions_files/figure-latex/challenge-7-
solution-1.pdf, id=579, 433.62pt x 216.81pt>
File: data_visualization_ggplot_8Feb2023_NoSolutions_files/figure-latex/challen
ge-7-solution-1.pdf Graphic file (type pdf)
<use data_visualization_ggplot_8Feb2023_NoSolutions_files/figure-latex/challeng
e-7-solution-1.pdf>
Package pdftex.def Info: data_visualization_ggplot_8Feb2023_NoSolutions_files/f
igure-latex/challenge-7-solution-1.pdf  used on input line 1729.
(pdftex.def)             Requested size: 433.63878pt x 216.81938pt.
[34 <./data_visualization_ggplot_8Feb2023_NoSolutions_files/figure-latex/challe
nge-7-solution-1.pdf>]
<data_visualization_ggplot_8Feb2023_NoSolutions_files/figure-latex/challenge-7-
solution-2.pdf, id=589, 433.62pt x 216.81pt>
File: data_visualization_ggplot_8Feb2023_NoSolutions_files/figure-latex/challen
ge-7-solution-2.pdf Graphic file (type pdf)
<use data_visualization_ggplot_8Feb2023_NoSolutions_files/figure-latex/challeng
e-7-solution-2.pdf>
Package pdftex.def Info: data_visualization_ggplot_8Feb2023_NoSolutions_files/f
igure-latex/challenge-7-solution-2.pdf  used on input line 1741.
(pdftex.def)             Requested size: 433.63878pt x 216.81938pt.
<data_visualization_ggplot_8Feb2023_NoSolutions_files/figure-latex/themes1-1.pd
f, id=590, 433.62pt x 216.81pt>
File: data_visualization_ggplot_8Feb2023_NoSolutions_files/figure-latex/themes1
-1.pdf Graphic file (type pdf)
<use data_visualization_ggplot_8Feb2023_NoSolutions_files/figure-latex/themes1-
1.pdf>
Package pdftex.def Info: data_visualization_ggplot_8Feb2023_NoSolutions_files/f
igure-latex/themes1-1.pdf  used on input line 1766.
(pdftex.def)             Requested size: 433.63878pt x 216.81938pt.
[35 <./data_visualization_ggplot_8Feb2023_NoSolutions_files/figure-latex/challe
nge-7-solution-2.pdf>]
<data_visualization_ggplot_8Feb2023_NoSolutions_files/figure-latex/challenge-8-
solution-1.pdf, id=605, 433.62pt x 216.81pt>
File: data_visualization_ggplot_8Feb2023_NoSolutions_files/figure-latex/challen
ge-8-solution-1.pdf Graphic file (type pdf)
<use data_visualization_ggplot_8Feb2023_NoSolutions_files/figure-latex/challeng
e-8-solution-1.pdf>
Package pdftex.def Info: data_visualization_ggplot_8Feb2023_NoSolutions_files/f
igure-latex/challenge-8-solution-1.pdf  used on input line 1807.
(pdftex.def)             Requested size: 433.63878pt x 216.81938pt.
[36 <./data_visualization_ggplot_8Feb2023_NoSolutions_files/figure-latex/themes
1-1.pdf>]
<data_visualization_ggplot_8Feb2023_NoSolutions_files/figure-latex/labels-1.pdf
, id=618, 433.62pt x 216.81pt>
File: data_visualization_ggplot_8Feb2023_NoSolutions_files/figure-latex/labels-
1.pdf Graphic file (type pdf)
<use data_visualization_ggplot_8Feb2023_NoSolutions_files/figure-latex/labels-1
.pdf>
Package pdftex.def Info: data_visualization_ggplot_8Feb2023_NoSolutions_files/f
igure-latex/labels-1.pdf  used on input line 1837.
(pdftex.def)             Requested size: 433.63878pt x 216.81938pt.
[37 <./data_visualization_ggplot_8Feb2023_NoSolutions_files/figure-latex/challe
nge-8-solution-1.pdf>]
<data_visualization_ggplot_8Feb2023_NoSolutions_files/figure-latex/fonts-1.pdf,
 id=633, 433.62pt x 216.81pt>
File: data_visualization_ggplot_8Feb2023_NoSolutions_files/figure-latex/fonts-1
.pdf Graphic file (type pdf)
<use data_visualization_ggplot_8Feb2023_NoSolutions_files/figure-latex/fonts-1.
pdf>
Package pdftex.def Info: data_visualization_ggplot_8Feb2023_NoSolutions_files/f
igure-latex/fonts-1.pdf  used on input line 1876.
(pdftex.def)             Requested size: 433.63878pt x 216.81938pt.
[38 <./data_visualization_ggplot_8Feb2023_NoSolutions_files/figure-latex/labels
-1.pdf>]
<data_visualization_ggplot_8Feb2023_NoSolutions_files/figure-latex/flip-1.pdf, 
id=645, 433.62pt x 216.81pt>
File: data_visualization_ggplot_8Feb2023_NoSolutions_files/figure-latex/flip-1.
pdf Graphic file (type pdf)
<use data_visualization_ggplot_8Feb2023_NoSolutions_files/figure-latex/flip-1.p
df>
Package pdftex.def Info: data_visualization_ggplot_8Feb2023_NoSolutions_files/f
igure-latex/flip-1.pdf  used on input line 1911.
(pdftex.def)             Requested size: 433.63878pt x 216.81938pt.
[39 <./data_visualization_ggplot_8Feb2023_NoSolutions_files/figure-latex/fonts-
1.pdf>]
<data_visualization_ggplot_8Feb2023_NoSolutions_files/figure-latex/text-size-1.
pdf, id=655, 433.62pt x 216.81pt>
File: data_visualization_ggplot_8Feb2023_NoSolutions_files/figure-latex/text-si
ze-1.pdf Graphic file (type pdf)
<use data_visualization_ggplot_8Feb2023_NoSolutions_files/figure-latex/text-siz
e-1.pdf>
Package pdftex.def Info: data_visualization_ggplot_8Feb2023_NoSolutions_files/f
igure-latex/text-size-1.pdf  used on input line 1939.
(pdftex.def)             Requested size: 433.63878pt x 216.81938pt.
[40 <./data_visualization_ggplot_8Feb2023_NoSolutions_files/figure-latex/flip-1
.pdf>]
<data_visualization_ggplot_8Feb2023_NoSolutions_files/figure-latex/legend-pos-1
.pdf, id=665, 433.62pt x 216.81pt>
File: data_visualization_ggplot_8Feb2023_NoSolutions_files/figure-latex/legend-
pos-1.pdf Graphic file (type pdf)
<use data_visualization_ggplot_8Feb2023_NoSolutions_files/figure-latex/legend-p
os-1.pdf>
Package pdftex.def Info: data_visualization_ggplot_8Feb2023_NoSolutions_files/f
igure-latex/legend-pos-1.pdf  used on input line 1973.
(pdftex.def)             Requested size: 433.63878pt x 216.81938pt.
[41 <./data_visualization_ggplot_8Feb2023_NoSolutions_files/figure-latex/text-s
ize-1.pdf>]
<data_visualization_ggplot_8Feb2023_NoSolutions_files/figure-latex/remove-grid-
1.pdf, id=677, 433.62pt x 216.81pt>
File: data_visualization_ggplot_8Feb2023_NoSolutions_files/figure-latex/remove-
grid-1.pdf Graphic file (type pdf)
<use data_visualization_ggplot_8Feb2023_NoSolutions_files/figure-latex/remove-g
rid-1.pdf>
Package pdftex.def Info: data_visualization_ggplot_8Feb2023_NoSolutions_files/f
igure-latex/remove-grid-1.pdf  used on input line 2013.
(pdftex.def)             Requested size: 433.63878pt x 216.81938pt.
[42 <./data_visualization_ggplot_8Feb2023_NoSolutions_files/figure-latex/legend
-pos-1.pdf>]
Underfull \hbox (badness 10000) in paragraph at lines 2024--2027

 []


Underfull \hbox (badness 10000) in paragraph at lines 2027--2030

 []


Underfull \hbox (badness 10000) in paragraph at lines 2030--2032

 []

[43 <./data_visualization_ggplot_8Feb2023_NoSolutions_files/figure-latex/remove
-grid-1.pdf>]
<data_visualization_ggplot_8Feb2023_NoSolutions_files/figure-latex/manual-color
s-1.pdf, id=703, 433.62pt x 216.81pt>
File: data_visualization_ggplot_8Feb2023_NoSolutions_files/figure-latex/manual-
colors-1.pdf Graphic file (type pdf)
<use data_visualization_ggplot_8Feb2023_NoSolutions_files/figure-latex/manual-c
olors-1.pdf>
Package pdftex.def Info: data_visualization_ggplot_8Feb2023_NoSolutions_files/f
igure-latex/manual-colors-1.pdf  used on input line 2079.
(pdftex.def)             Requested size: 433.63878pt x 216.81938pt.
<data_visualization_ggplot_8Feb2023_NoSolutions_files/figure-latex/manual-color
s-2.pdf, id=704, 433.62pt x 216.81pt>
File: data_visualization_ggplot_8Feb2023_NoSolutions_files/figure-latex/manual-
colors-2.pdf Graphic file (type pdf)
<use data_visualization_ggplot_8Feb2023_NoSolutions_files/figure-latex/manual-c
olors-2.pdf>
Package pdftex.def Info: data_visualization_ggplot_8Feb2023_NoSolutions_files/f
igure-latex/manual-colors-2.pdf  used on input line 2090.
(pdftex.def)             Requested size: 433.63878pt x 216.81938pt.
[44 <./data_visualization_ggplot_8Feb2023_NoSolutions_files/figure-latex/manual
-colors-1.pdf> <./data_visualization_ggplot_8Feb2023_NoSolutions_files/figure-l
atex/manual-colors-2.pdf>]
<data_visualization_ggplot_8Feb2023_NoSolutions_files/figure-latex/challenge-9-
solution-1.pdf, id=724, 433.62pt x 216.81pt>
File: data_visualization_ggplot_8Feb2023_NoSolutions_files/figure-latex/challen
ge-9-solution-1.pdf Graphic file (type pdf)
<use data_visualization_ggplot_8Feb2023_NoSolutions_files/figure-latex/challeng
e-9-solution-1.pdf>
Package pdftex.def Info: data_visualization_ggplot_8Feb2023_NoSolutions_files/f
igure-latex/challenge-9-solution-1.pdf  used on input line 2176.
(pdftex.def)             Requested size: 433.63878pt x 216.81938pt.
[45] [46 <./data_visualization_ggplot_8Feb2023_NoSolutions_files/figure-latex/c
hallenge-9-solution-1.pdf>]
<data_visualization_ggplot_8Feb2023_NoSolutions_files/figure-latex/arrange-1.pd
f, id=746, 722.7pt x 433.62pt>
File: data_visualization_ggplot_8Feb2023_NoSolutions_files/figure-latex/arrange
-1.pdf Graphic file (type pdf)
<use data_visualization_ggplot_8Feb2023_NoSolutions_files/figure-latex/arrange-
1.pdf>
Package pdftex.def Info: data_visualization_ggplot_8Feb2023_NoSolutions_files/f
igure-latex/arrange-1.pdf  used on input line 2222.
(pdftex.def)             Requested size: 469.76045pt x 281.85628pt.
<data_visualization_ggplot_8Feb2023_NoSolutions_files/figure-latex/arrange2-1.p
df, id=750, 722.7pt x 433.62pt>
File: data_visualization_ggplot_8Feb2023_NoSolutions_files/figure-latex/arrange
2-1.pdf Graphic file (type pdf)
<use data_visualization_ggplot_8Feb2023_NoSolutions_files/figure-latex/arrange2
-1.pdf>
Package pdftex.def Info: data_visualization_ggplot_8Feb2023_NoSolutions_files/f
igure-latex/arrange2-1.pdf  used on input line 2254.
(pdftex.def)             Requested size: 469.76045pt x 281.85628pt.
[47 <./data_visualization_ggplot_8Feb2023_NoSolutions_files/figure-latex/arrang
e-1.pdf>] [48 <./data_visualization_ggplot_8Feb2023_NoSolutions_files/figure-la
tex/arrange2-1.pdf>] [49]
<images/88x31.png, id=797, 88.33pt x 31.11626pt>
File: images/88x31.png Graphic file (type png)
<use images/88x31.png>
Package pdftex.def Info: images/88x31.png  used on input line 2441.
(pdftex.def)             Requested size: 88.33112pt x 31.11664pt.
[50 <./images/88x31.png>] [51] (data_visualization_ggplot_8Feb2023_NoSolutions.
aux) ) 
Here is how much of TeX's memory you used:
 15059 strings out of 478699
 268166 string characters out of 2846961
 572058 words of memory out of 3000000
 32500 multiletter control sequences out of 15000+600000
 469004 words of font info for 156 fonts, out of 8000000 for 9000
 1141 hyphenation exceptions out of 8191
 74i,12n,77p,628b,481s stack positions out of 5000i,500n,10000p,200000b,80000s
{C:/Users/greta/AppData/Local/Programs/MiKTeX/fonts/enc/dvips/lm/lm-ec.en
c}{C:/Users/greta/AppData/Local/Programs/MiKTeX/fonts/enc/dvips/lm/lm-ts1.enc}<
C:/Users/greta/AppData/Local/Programs/MiKTeX/fonts/type1/public/lm/lmbx10.pfb><
C:/Users/greta/AppData/Local/Programs/MiKTeX/fonts/type1/public/lm/lmbx12.pfb><
C:/Users/greta/AppData/Local/Programs/MiKTeX/fonts/type1/public/lm/lmr10.pfb><C
:/Users/greta/AppData/Local/Programs/MiKTeX/fonts/type1/public/lm/lmr12.pfb><C:
/Users/greta/AppData/Local/Programs/MiKTeX/fonts/type1/public/lm/lmr17.pfb><C:/
Users/greta/AppData/Local/Programs/MiKTeX/fonts/type1/public/lm/lmri10.pfb><C:/
Users/greta/AppData/Local/Programs/MiKTeX/fonts/type1/public/lm/lmro10.pfb><C:/
Users/greta/AppData/Local/Programs/MiKTeX/fonts/type1/public/lm/lmtk10.pfb><C:/
Users/greta/AppData/Local/Programs/MiKTeX/fonts/type1/public/lm/lmtko10.pfb><C:
/Users/greta/AppData/Local/Programs/MiKTeX/fonts/type1/public/lm/lmtt10.pfb><C:
/Users/greta/AppData/Local/Programs/MiKTeX/fonts/type1/public/lm/lmtti10.pfb><C
:/Users/greta/AppData/Local/Programs/MiKTeX/fonts/type1/public/lm/lmtto10.pfb>
Output written on data_visualization_ggplot_8Feb2023_NoSolutions.pdf (51 pages,
 12513198 bytes).
PDF statistics:
 1065 PDF objects out of 1200 (max. 8388607)
 168 named destinations out of 1000 (max. 500000)
 35498 words of extra memory for PDF output out of 35830 (max. 10000000)

